GDRE Tools v2.5.0-beta.5
Windows 10.0.26200, NVIDIA GeForce RTX 3060 Ti, vulkan
Opening file: C:/PROGRA2/JUEGO DEL SLIME.pck
Loaded 143 imported files
Detected Engine Version: 4.4.0
Detected Bytecode Revision: 4.3.0-stable (77af6ca)
Verified 290 files, no errors detected!
Extracted 290 files, no errors detected!
Saved project config.


********************************EXPORT REPORT********************************

Totals:                                 
Decompiled scripts:                     16
Failed scripts:                         0
Imported resources for export session:  143
Successfully converted:                 143
Lossy:                                  1
Rewrote metadata:                       112
Non-importable conversions:             0
Not converted:                          0
Failed conversions:                     0
-------------



------------------------------------------------------------------------------------

Use Godot editor version 4.4.0 to edit the project.

*******************************************************************************

